
 +++++++++++++++++++++++++++++++++++++++++++++++++++++++++++++++++++
 +  SHELXL -  CRYSTAL STRUCTURE REFINEMENT  -   MULTI-CPU VERSION  +
 +  Copyright(C) George M. Sheldrick 1993-2023     Version 2019/3  +
 +  shelx                      started at 14:07:55 on 18-May-2026  +
 +++++++++++++++++++++++++++++++++++++++++++++++++++++++++++++++++++

 Command line parameters: shelx -a50000 -b3000 -c624 -g0 -m0 -t18

 -a sets the approximate maximum number of atoms including hydrogens.
 -b sets the maximum number of full-matrix parameters (not used by CGLS).
 For example -b9000 allows refinement of 1000 anisotropic atoms or 3000
 with BLOC 1. For a 32-bit version, -b times the square root of the
 number of threads should not exceed about 65500. -c sets the reflection
 buffer size. This depends on the CPU cache size but will rarely
 need changing.

 -g sets the number of reflection groups used for calculating R_complete,
 This must be greater than 1 but not greater than the total number of
 reflections for refinement. -m sets the current reflection group number.
 This may not be less than 1 nor greater than the number set by -g. These
 command line flags override other ways of defining free-R reflections.
 The -m value is also used as a seed for the WIGL pseudo-random shifts.

 -t sets the number of threads, otherwise it is set to the apparent
 number of CPUs. For optimal performance on hyperthreading systems,
 -t should be set to a little more than half the number of CPUs;
 e.g. -t4 or -t5 for an Intel i7 processor.

 Running 18 threads on 24 processors

 TITL shelx_a.res in Pm-3m
 REM Old TITL shelx_a.res in Pm-3m
 REM SHELXT solution in Pm-3m: R1 0.263, Rweak 0.129, Alpha 0.119
 REM <I/s> 0.000 for 0 systematic absences, Orientation as input
 REM Formula found by SHELXT: O2 Si
 CELL 0.01968 11.9 11.9 11.9 90 90 90
 ZERR 26 0.0013 0.0013 0.0013 0 0 0
 LATT 1
 SYMM -X,-Y,+Z
 SYMM -X,+Y,-Z
 SYMM +X,-Y,-Z
 SYMM +Z,+X,+Y
 SYMM +Z,-X,-Y
 SYMM -Z,-X,+Y
 SYMM -Z,+X,-Y
 SYMM +Y,+Z,+X
 SYMM -Y,+Z,-X
 SYMM +Y,-Z,-X
 SYMM -Y,-Z,+X
 SYMM +Y,+X,-Z
 SYMM -Y,-X,-Z
 SYMM +Y,-X,+Z
 SYMM -Y,+X,+Z
 SYMM +X,+Z,-Y
 SYMM -X,+Z,+Y
 SYMM -X,-Z,-Y
 SYMM +X,-Z,+Y
 SYMM +Z,+Y,-X
 SYMM +Z,-Y,+X
 SYMM -Z,+Y,+X
 SYMM -Z,-Y,-X
 SFAC  O 0.143 0.305 0.51 2.268 0.937 8.262 0.392 25.665 0 0 0 0 0.63 15.999
 SFAC  Si 0.363 0.428 0.974 3.557 2.721 19.39 1.766 64.333 0 0 0 0 1.16 28.086
 UNIT 48 24

 V =     1685.16     F(000) =     234.9     Mu =   0.00 mm-1      Cell Wt =     1442.02    Rho =  1.421

  
  
 L.S. 100
 PLAN  1
 CONF
 list 4
 fmap 2
 MORE -1
 WGHT 0.1
 FVAR 2.69959
 REM <olex2.extras>
 REM <Generic
 REM  <ED
 REM   <z "ED">
 REM  >
 REM >
 REM <HklSrc "%.\\shelx.hkl">
 REM </olex2.extras>
  
 Si01  2     0.500000  0.869882  0.683421  10.50000  0.00273
 O002  1     0.500000  1.000000  0.720364  10.25000  0.01724
 O003  1     0.500000  0.795902  0.795902  10.25000  0.01058
 O004  1     0.389962  0.841513  0.610038  10.50000  0.01945
 HKLF 4
 ** Warning: DISP instructions may be required for this wavelength **



 Covalent radii and connectivity table for  shelx_a.res in Pm-3m                                                       
 O      0.630
 SI     1.160

 Si01 - O003 O002 O004 O004_$4
 O002 - Si01 Si01_$1
 O003 - Si01 Si01_$2
 O004 - Si01_$3 Si01


 Operators for generating equivalent atoms:
 $1   -x+1, -y+2, z
 $2   -x+1, z, y
 $3   -z+1, y, -x+1
 $4   -x+1, y, z


    15197  Reflections read, of which       0  rejected

 -19 =< h =< 19,    -19 =< k =< 19,    -19 =< l =< 19,   Max. 2-theta =    1.88

        0  Systematic absence violations (I>3sig(I)) before merging

       14  Inconsistent equivalents

      877  Unique reflections, of which       0  suppressed

 R(int) = 0.2985     R(sigma) = 0.1499      Friedel opposites merged

 Maximum memory for data reduction =      863 /    10103


 Reflection statistics for all twin components combined (TWST 0 set)
 Number of data for d > 0.600A (CIF: max) and d > 0.833A (CIF: full)
 (ignoring systematic absences):
 Unique reflections found (point group)        877     360
 Unique reflections possible (point group)     881     360
 Unique reflections found (Laue group)         877     360
 Unique reflections possible (Laue group)      881     360

 Special position constraints for Si01
 x =  0.5000   sof = 0.50000   
 Input constraints retained (at least in part) for  sof

 Special position constraints for O002
 x =  0.5000   y =  1.0000   sof = 0.25000   
 Input constraints retained (at least in part) for  sof

 Special position constraints for O003
 x =  0.5000   z =  1.0 * y + 0.0000   sof = 0.25000   
 Input constraints retained (at least in part) for  sof

 Special position constraints for O004
 z = -1.0 * x + 1.0000   sof = 0.50000   
 Input constraints retained (at least in part) for  sof


 Least-squares cycle   1   Maximum vector length =  623   Memory required =     15 /    898 /    39337

 wR2 =  0.4624 before cycle   1 for     877 data and     11 /     11 parameters

 GooF = S =     2.531;     Restrained GooF =      2.531 for       0 restraints

 Weight = 1 / [ sigma^2(Fo^2) + ( 0.1000 * P )^2 +   0.00 * P ]   where  P = ( Max ( Fo^2, 0 ) + 2 * Fc^2 ) / 3


     N      value        esd    shift/esd  parameter

     1     2.69960     0.04978     0.000    OSF

 Mean shift/esd =   0.001  Maximum =    -0.002 for  U11 O003     

 Max. shift = 0.000 A for Si01        Max. dU = 0.000 for O003     


 Least-squares cycle   2   Maximum vector length =  623   Memory required =     15 /    898 /    39337

 wR2 =  0.4624 before cycle   2 for     877 data and     11 /     11 parameters

 GooF = S =     2.531;     Restrained GooF =      2.531 for       0 restraints

 Weight = 1 / [ sigma^2(Fo^2) + ( 0.1000 * P )^2 +   0.00 * P ]   where  P = ( Max ( Fo^2, 0 ) + 2 * Fc^2 ) / 3


     N      value        esd    shift/esd  parameter

     1     2.69959     0.04978     0.000    OSF

 Mean shift/esd =   0.000  Maximum =    -0.001 for  U11 O003     

 Max. shift = 0.000 A for O004        Max. dU = 0.000 for O003     


 Least-squares cycle   3   Maximum vector length =  623   Memory required =     15 /    898 /    39337

 wR2 =  0.4624 before cycle   3 for     877 data and     11 /     11 parameters

 GooF = S =     2.531;     Restrained GooF =      2.531 for       0 restraints

 Weight = 1 / [ sigma^2(Fo^2) + ( 0.1000 * P )^2 +   0.00 * P ]   where  P = ( Max ( Fo^2, 0 ) + 2 * Fc^2 ) / 3


     N      value        esd    shift/esd  parameter

     1     2.69959     0.04978     0.000    OSF

 Mean shift/esd =   0.000  Maximum =     0.000 for   z  Si01     

 Max. shift = 0.000 A for O003        Max. dU = 0.000 for O004     


 Least-squares cycle   4   Maximum vector length =  623   Memory required =     15 /    898 /    39337

 wR2 =  0.4624 before cycle   4 for     877 data and     11 /     11 parameters

 GooF = S =     2.531;     Restrained GooF =      2.531 for       0 restraints

 Weight = 1 / [ sigma^2(Fo^2) + ( 0.1000 * P )^2 +   0.00 * P ]   where  P = ( Max ( Fo^2, 0 ) + 2 * Fc^2 ) / 3


     N      value        esd    shift/esd  parameter

     1     2.69959     0.04978     0.000    OSF

 Mean shift/esd =   0.000  Maximum =     0.000 for  U11 O004     

 Max. shift = 0.000 A for O004        Max. dU = 0.000 for O004     


 Least-squares cycle   5   Maximum vector length =  623   Memory required =     15 /    898 /    39337

 wR2 =  0.4624 before cycle   5 for     877 data and     11 /     11 parameters

 GooF = S =     2.531;     Restrained GooF =      2.531 for       0 restraints

 Weight = 1 / [ sigma^2(Fo^2) + ( 0.1000 * P )^2 +   0.00 * P ]   where  P = ( Max ( Fo^2, 0 ) + 2 * Fc^2 ) / 3


     N      value        esd    shift/esd  parameter

     1     2.69959     0.04978     0.000    OSF

 Mean shift/esd =   0.000  Maximum =     0.000 for   z  Si01     

 Max. shift = 0.000 A for O002        Max. dU = 0.000 for O004     


 Least-squares cycle   6   Maximum vector length =  623   Memory required =     15 /    898 /    39337

 wR2 =  0.4624 before cycle   6 for     877 data and     11 /     11 parameters

 GooF = S =     2.531;     Restrained GooF =      2.531 for       0 restraints

 Weight = 1 / [ sigma^2(Fo^2) + ( 0.1000 * P )^2 +   0.00 * P ]   where  P = ( Max ( Fo^2, 0 ) + 2 * Fc^2 ) / 3


     N      value        esd    shift/esd  parameter

     1     2.69958     0.04978     0.000    OSF

 Mean shift/esd =   0.000  Maximum =     0.000 for   z  Si01     

 Max. shift = 0.000 A for Si01        Max. dU = 0.000 for O004     


 Least-squares cycle   7   Maximum vector length =  623   Memory required =     15 /    898 /    39337

 wR2 =  0.4624 before cycle   7 for     877 data and     11 /     11 parameters

 GooF = S =     2.531;     Restrained GooF =      2.531 for       0 restraints

 Weight = 1 / [ sigma^2(Fo^2) + ( 0.1000 * P )^2 +   0.00 * P ]   where  P = ( Max ( Fo^2, 0 ) + 2 * Fc^2 ) / 3


     N      value        esd    shift/esd  parameter

     1     2.69958     0.04978     0.000    OSF

 Mean shift/esd =   0.000  Maximum =     0.000 for   z  Si01     

 Max. shift = 0.000 A for Si01        Max. dU = 0.000 for O002     


 Least-squares cycle   8   Maximum vector length =  623   Memory required =     15 /    898 /    39337

 wR2 =  0.4624 before cycle   8 for     877 data and     11 /     11 parameters

 GooF = S =     2.531;     Restrained GooF =      2.531 for       0 restraints

 Weight = 1 / [ sigma^2(Fo^2) + ( 0.1000 * P )^2 +   0.00 * P ]   where  P = ( Max ( Fo^2, 0 ) + 2 * Fc^2 ) / 3


     N      value        esd    shift/esd  parameter

     1     2.69958     0.04978     0.000    OSF

 Mean shift/esd =   0.000  Maximum =     0.000 for   z  Si01     

 Max. shift = 0.000 A for Si01        Max. dU = 0.000 for O004     


 Least-squares cycle   9   Maximum vector length =  623   Memory required =     15 /    898 /    39337

 wR2 =  0.4624 before cycle   9 for     877 data and     11 /     11 parameters

 GooF = S =     2.531;     Restrained GooF =      2.531 for       0 restraints

 Weight = 1 / [ sigma^2(Fo^2) + ( 0.1000 * P )^2 +   0.00 * P ]   where  P = ( Max ( Fo^2, 0 ) + 2 * Fc^2 ) / 3


     N      value        esd    shift/esd  parameter

     1     2.69958     0.04978     0.000    OSF

 Mean shift/esd =   0.000  Maximum =     0.000 for   z  Si01     

 Max. shift = 0.000 A for Si01        Max. dU = 0.000 for O002     


 Least-squares cycle  10   Maximum vector length =  623   Memory required =     15 /    898 /    39337

 wR2 =  0.4624 before cycle  10 for     877 data and     11 /     11 parameters

 GooF = S =     2.531;     Restrained GooF =      2.531 for       0 restraints

 Weight = 1 / [ sigma^2(Fo^2) + ( 0.1000 * P )^2 +   0.00 * P ]   where  P = ( Max ( Fo^2, 0 ) + 2 * Fc^2 ) / 3


     N      value        esd    shift/esd  parameter

     1     2.69958     0.04978     0.000    OSF

 Mean shift/esd =   0.000  Maximum =     0.000 for   z  Si01     

 Max. shift = 0.000 A for Si01        Max. dU = 0.000 for Si01     


 Least-squares cycle  11   Maximum vector length =  623   Memory required =     15 /    898 /    39337

 wR2 =  0.4624 before cycle  11 for     877 data and     11 /     11 parameters

 GooF = S =     2.531;     Restrained GooF =      2.531 for       0 restraints

 Weight = 1 / [ sigma^2(Fo^2) + ( 0.1000 * P )^2 +   0.00 * P ]   where  P = ( Max ( Fo^2, 0 ) + 2 * Fc^2 ) / 3


     N      value        esd    shift/esd  parameter

     1     2.69958     0.04978     0.000    OSF

 Mean shift/esd =   0.000  Maximum =     0.000 for   z  Si01     

 Max. shift = 0.000 A for Si01        Max. dU = 0.000 for O003     


 Least-squares cycle  12   Maximum vector length =  623   Memory required =     15 /    898 /    39337

 wR2 =  0.4624 before cycle  12 for     877 data and     11 /     11 parameters

 GooF = S =     2.531;     Restrained GooF =      2.531 for       0 restraints

 Weight = 1 / [ sigma^2(Fo^2) + ( 0.1000 * P )^2 +   0.00 * P ]   where  P = ( Max ( Fo^2, 0 ) + 2 * Fc^2 ) / 3


     N      value        esd    shift/esd  parameter

     1     2.69958     0.04978     0.000    OSF

 Mean shift/esd =   0.000  Maximum =     0.000 for   z  Si01     

 Max. shift = 0.000 A for Si01        Max. dU = 0.000 for Si01     


 Least-squares cycle  13   Maximum vector length =  623   Memory required =     15 /    898 /    39337

 wR2 =  0.4624 before cycle  13 for     877 data and     11 /     11 parameters

 GooF = S =     2.531;     Restrained GooF =      2.531 for       0 restraints

 Weight = 1 / [ sigma^2(Fo^2) + ( 0.1000 * P )^2 +   0.00 * P ]   where  P = ( Max ( Fo^2, 0 ) + 2 * Fc^2 ) / 3


     N      value        esd    shift/esd  parameter

     1     2.69958     0.04978     0.000    OSF

 Mean shift/esd =   0.000  Maximum =     0.000 for   z  Si01     

 Max. shift = 0.000 A for Si01        Max. dU = 0.000 for Si01     


 Least-squares cycle  14   Maximum vector length =  623   Memory required =     15 /    898 /    39337

 wR2 =  0.4624 before cycle  14 for     877 data and     11 /     11 parameters

 GooF = S =     2.531;     Restrained GooF =      2.531 for       0 restraints

 Weight = 1 / [ sigma^2(Fo^2) + ( 0.1000 * P )^2 +   0.00 * P ]   where  P = ( Max ( Fo^2, 0 ) + 2 * Fc^2 ) / 3


     N      value        esd    shift/esd  parameter

     1     2.69958     0.04978     0.000    OSF

 Mean shift/esd =   0.000  Maximum =     0.000 for   z  Si01     

 Max. shift = 0.000 A for Si01        Max. dU = 0.000 for O004     


 Least-squares cycle  15   Maximum vector length =  623   Memory required =     15 /    898 /    39337

 wR2 =  0.4624 before cycle  15 for     877 data and     11 /     11 parameters

 GooF = S =     2.531;     Restrained GooF =      2.531 for       0 restraints

 Weight = 1 / [ sigma^2(Fo^2) + ( 0.1000 * P )^2 +   0.00 * P ]   where  P = ( Max ( Fo^2, 0 ) + 2 * Fc^2 ) / 3


     N      value        esd    shift/esd  parameter

     1     2.69958     0.04978     0.000    OSF

 Mean shift/esd =   0.000  Maximum =     0.000 for   z  Si01     

 Max. shift = 0.000 A for Si01        Max. dU = 0.000 for O003     


 Least-squares cycle  16   Maximum vector length =  623   Memory required =     15 /    898 /    39337

 wR2 =  0.4624 before cycle  16 for     877 data and     11 /     11 parameters

 GooF = S =     2.531;     Restrained GooF =      2.531 for       0 restraints

 Weight = 1 / [ sigma^2(Fo^2) + ( 0.1000 * P )^2 +   0.00 * P ]   where  P = ( Max ( Fo^2, 0 ) + 2 * Fc^2 ) / 3


     N      value        esd    shift/esd  parameter

     1     2.69958     0.04978     0.000    OSF

 Mean shift/esd =   0.000  Maximum =     0.000 for   z  Si01     

 Max. shift = 0.000 A for Si01        Max. dU = 0.000 for O002     


 Least-squares cycle  17   Maximum vector length =  623   Memory required =     15 /    898 /    39337

 wR2 =  0.4624 before cycle  17 for     877 data and     11 /     11 parameters

 GooF = S =     2.531;     Restrained GooF =      2.531 for       0 restraints

 Weight = 1 / [ sigma^2(Fo^2) + ( 0.1000 * P )^2 +   0.00 * P ]   where  P = ( Max ( Fo^2, 0 ) + 2 * Fc^2 ) / 3


     N      value        esd    shift/esd  parameter

     1     2.69958     0.04978     0.000    OSF

 Mean shift/esd =   0.000  Maximum =     0.000 for   z  Si01     

 Max. shift = 0.000 A for Si01        Max. dU = 0.000 for O003     


 Least-squares cycle  18   Maximum vector length =  623   Memory required =     15 /    898 /    39337

 wR2 =  0.4624 before cycle  18 for     877 data and     11 /     11 parameters

 GooF = S =     2.531;     Restrained GooF =      2.531 for       0 restraints

 Weight = 1 / [ sigma^2(Fo^2) + ( 0.1000 * P )^2 +   0.00 * P ]   where  P = ( Max ( Fo^2, 0 ) + 2 * Fc^2 ) / 3


     N      value        esd    shift/esd  parameter

     1     2.69958     0.04978     0.000    OSF

 Mean shift/esd =   0.000  Maximum =     0.000 for   z  Si01     

 Max. shift = 0.000 A for Si01        Max. dU = 0.000 for O002     


 Largest correlation matrix elements

     0.831 U11 Si01 / OSF                    0.511 U11 O004 / OSF                    0.501 U11 O003 / OSF 



  shelx_a.res in Pm-3m                                                       

 ATOM           x        y        z         sof        U11      U22      U33      U23      U13      U12       Ueq

 Si01        0.50000  0.86988  0.68342    0.50000    0.00273
   0.00344   0.00000  0.00020  0.00020    0.00000    0.00058

 O002        0.50000  1.00000  0.72036    0.25000    0.01724
   0.00811   0.00000  0.00000  0.00068    0.00000    0.00125

 O003        0.50000  0.79590  0.79590    0.25000    0.01058
   0.00878   0.00000  0.00037  0.00037    0.00000    0.00105

 O004        0.38996  0.84151  0.61004    0.50000    0.01945
   0.00596   0.00035  0.00050  0.00035    0.00000    0.00106



 Final Structure Factor Calculation for  shelx_a.res in Pm-3m                                                       

 Total number of l.s. parameters =    11  Maximum vector length =  623   Memory required =     15 /    887 /    25543

 wR2 =  0.4624 before cycle  19 for     877 data and      0 /     11 parameters

 GooF = S =     2.531;     Restrained GooF =      2.531 for       0 restraints

 Weight = 1 / [ sigma^2(Fo^2) + ( 0.1000 * P )^2 +   0.00 * P ]   where  P = ( Max ( Fo^2, 0 ) + 2 * Fc^2 ) / 3

 wR2 = 0.4624, GooF = S = 2.531, Restrained GooF = 2.531 for all data
 R1 = 0.2427 for 834 Fo > 4sig(Fo) and 0.2505 for all 877 data

 Occupancy sum of asymmetric unit =     1.50 for non-hydrogen and     0.00 for H and D atoms

     0  atoms may be split and     0  atoms NPD



 Analysis of variance for reflections employed in refinement      K = Mean[Fo^2] / Mean[Fc^2]  for group


 Fc/Fc(max)       0.000    0.008    0.017    0.024    0.033    0.043    0.053    0.065    0.088    0.156    1.000

 Number in group        89.      88.      91.      85.      90.      88.      85.      85.      88.      88.

            GooF      3.331    2.994    2.286    2.236    2.156    1.606    2.070    1.860    2.233    3.692

             K       45.116    5.172    6.704    1.812    1.439    1.334    1.303    1.077    1.350    0.651


 Resolution(A)    0.60     0.62     0.65     0.69     0.73     0.78     0.84     0.94     1.10     1.44     inf

 Number in group        90.      87.      86.      92.      84.      89.      86.      88.      87.      88.

            GooF      1.972    2.337    2.222    2.462    2.366    2.390    2.454    2.485    2.332    3.841

             K        0.854    1.074    1.073    0.966    1.098    1.244    1.126    1.041    1.184    0.627

             R1       0.248    0.273    0.220    0.199    0.190    0.190    0.219    0.254    0.175    0.355


 ** Extinction (EXTI) or solvent water (SWAT) correction may be required **

 Recommended weighting scheme:  WGHT    0.2000    0.0000
 [Weight parameters refined to    0.2563        0.92  but appear excessive]


 Most Disagreeable Reflections (* if suppressed or used for Rfree).
 Error/esd is calculated as sqrt(wD^2/<wD^2>) where w is given by the weight
 formula, D = Fo^2-Fc^2 and <> refers to the average over all reflections.

     h   k   l          Fo^2          Fc^2    Error/esd  Fc/Fc(max)  Resolution(A)

     0   0   1        149.77       2732.54       5.23       1.000      11.90
     0   0  11         39.30        423.48       4.99       0.394       1.08
     0   0   3        151.22       1559.41       4.94       0.755       3.97
     0   1   1        174.96       1482.85       4.72       0.737       8.41
     0   0   6        220.31       1831.50       4.69       0.819       1.98
     1   1   1        524.41       2532.87       3.74       0.963       6.87
     0   0  19          0.47          9.06       3.72       0.058       0.63
     0   0  14          5.30         22.14       2.85       0.090       0.85
     0   5   5        241.07        710.00       2.76       0.510       1.68
     0  12  12          4.41         19.40       2.76       0.084       0.70
     0   2   2        450.18       1342.73       2.60       0.701       4.21
     0   0  18          4.84         17.73       2.53       0.081       0.66
     6   8  13          3.72          0.76       2.41       0.017       0.73
     0   0  17         28.01         80.80       2.39       0.172       0.70
     1   2  17          2.08          0.21       2.35       0.009       0.69
     3  11  16          1.54          4.93       2.33       0.042       0.61
     2   2  13          3.17          0.00       2.28       0.001       0.89
     1   3  14          4.76          1.66       2.26       0.025       0.83
     7   7  16          8.01          1.76       2.16       0.025       0.63
     7   8  10          1.79          0.00       2.15       0.001       0.82
     3   7   8          7.53          1.03       2.12       0.019       1.08
     2   2   6        186.70         69.48       2.05       0.159       1.79
     0   4   7         38.78         13.14       2.05       0.069       1.48
     5   9  12          1.88          0.00       2.03       0.001       0.75
     6   8  15          2.05          0.30       2.03       0.011       0.66
     5   6  15          1.95          0.01       2.02       0.002       0.70
     1   5   5          3.96          0.20       2.01       0.009       1.67
     2   3  17          2.89          0.85       1.99       0.018       0.68
     5   7   8          2.93          0.00       1.97       0.001       1.01
     3  11  12          2.61          0.04       1.93       0.004       0.72
     1   7  15          1.80          0.01       1.92       0.002       0.72
     6   7  14          1.95          0.11       1.92       0.006       0.71
     1   6   7         21.15          7.95       1.91       0.054       1.28
     7   9  10          3.29          0.97       1.89       0.019       0.78
     1   3   4         24.68          9.74       1.88       0.060       2.33
     2   2  14         10.43          3.73       1.87       0.037       0.83
     4   5  18          1.25          0.10       1.87       0.006       0.62
     4   4   6         10.03          3.80       1.87       0.037       1.44
     1   5  13          3.31          1.22       1.85       0.021       0.85
     0   0   4        313.60         25.41       1.85       0.096       2.97
     8  10  13          1.53          0.08       1.84       0.006       0.65
     0   6   6        262.53         63.94       1.81       0.153       1.40
     2   3  18          1.15          0.00       1.80       0.001       0.65
     0   0  12         84.62          6.39       1.80       0.048       0.99
     3   6  14          2.26          0.61       1.79       0.015       0.77
     2   7  14          3.07          0.59       1.79       0.015       0.75
     0   3   4          6.14          0.17       1.78       0.008       2.38
     2   5  14          7.83          3.58       1.77       0.036       0.79
     2   2   8         56.35         26.99       1.75       0.099       1.40
     6   9  11          4.54          0.47       1.75       0.013       0.77



 Selected torsion angles

   180.00 ( 0.00)  O003 - Si01 - O002 - Si01_$1
   -60.27 ( 0.25)  O004 - Si01 - O002 - Si01_$1
    60.27 ( 0.25)  O004_$4 - Si01 - O002 - Si01_$1
   180.00 ( 0.00)  O002 - Si01 - O003 - Si01_$2
    59.81 ( 0.26)  O004 - Si01 - O003 - Si01_$2
   -59.81 ( 0.27)  O004_$4 - Si01 - O003 - Si01_$2
   176.01 ( 0.69)  O003 - Si01 - O004 - Si01_$3
    57.66 ( 0.86)  O002 - Si01 - O004 - Si01_$3
   -63.84 ( 0.96)  O004_$4 - Si01 - O004 - Si01_$3


 FMAP and GRID set by program

 FMAP   2   3  35
 GRID    -1.562  -1  -1     1.562   1   1

 R1 =  0.2505 for    877 unique reflections after merging for Fourier


 Electron density synthesis with coefficients Fo-Fc

 Highest peak    0.49  at  0.0847  0.0847  0.0000  [  5.46 A from O002 ]
 Deepest hole   -0.77  at  0.5000  0.1443  0.5000  [  1.86 A from O004 ]


 Fourier peaks appended to .res file

              x       y       z       sof     U      Peak   Distances to nearest atoms (including eq.)

 Q1    1   0.9153  1.0000  0.9153   0.25000  0.05    0.49   5.46 O002  5.47 O004  5.69 O003  5.87 SI01

 Shortest distances between peaks (including symmetry equivalents)

      1   1  1.42      1   1  2.01      1   1  2.47      1   1  2.85


 Time profile in seconds
 -----------------------

      0.01: Read and process instructions
      0.00: Fit rigid groups
      0.00: Interpret restraints etc.
      0.00: Generate connectivity array
      0.00: Analyse DFIX and DANG restraints
      0.00: Analyse SAME, SADI and NCSY restraints
      0.00: Generate CHIV restraints
      0.00: Check if bonds in residues restrained
      0.00: Generate DELU and RIGU restraints
      0.00: Generate SIMU restraints
      0.00: Generate ISOR restraints
      0.00: Analyse electron density
      0.01: Analyse other restraints etc.
      0.03: Read intensity data, sort/merge etc.
      0.00: Set up constraints
      0.00: OSF, H-atoms from difference map
      0.02: Set up l.s. refinement
      0.00: Generate idealized H-atoms
      0.01: Structure factors and derivatives
      0.00: Sum l.s. matrices
      0.00: Generate and apply antibumping restraints
      0.04: Apply other restraints
      0.00: Solve l.s. equations
      0.00: Generate HTAB table
      0.07: Other dependent quantities, CIF, tables
      0.00: Analysis of variance
      0.00: Merge reflections for Fourier and .fcf
      0.00: Fourier summations
      0.00: Peaksearch
      0.00: Analyse peaklist

 ** WARNING: These times are only approximate for multiple threads.
             To get better estimates run with -t1 **

   Please cite: G.M. Sheldrick (2015) "Crystal structure refinement with
   SHELXL", Acta Cryst., C71, 3-8 (Open Access) if SHELXL proves useful.

 +++++++++++++++++++++++++++++++++++++++++++++++++++++++++++++++++++++++++++++
 +  shelx         finished at 14:07:55   Total elapsed time:      0.25 secs  +
 +++++++++++++++++++++++++++++++++++++++++++++++++++++++++++++++++++++++++++++
