
 +++++++++++++++++++++++++++++++++++++++++++++++++++++++++++++++++++
 +  SHELXL -  CRYSTAL STRUCTURE REFINEMENT  -   MULTI-CPU VERSION  +
 +  Copyright(C) George M. Sheldrick 1993-2023     Version 2019/3  +
 +  integrate_hklf4            started at 16:34:00 on 08-Jun-2026  +
 +++++++++++++++++++++++++++++++++++++++++++++++++++++++++++++++++++

 Command line parameters: integrate_hklf4 -a50000 -b3000 -c624 -g0 -m0 -t18

 -a sets the approximate maximum number of atoms including hydrogens.
 -b sets the maximum number of full-matrix parameters (not used by CGLS).
 For example -b9000 allows refinement of 1000 anisotropic atoms or 3000
 with BLOC 1. For a 32-bit version, -b times the square root of the
 number of threads should not exceed about 65500. -c sets the reflection
 buffer size. This depends on the CPU cache size but will rarely
 need changing.

 -g sets the number of reflection groups used for calculating R_complete,
 This must be greater than 1 but not greater than the total number of
 reflections for refinement. -m sets the current reflection group number.
 This may not be less than 1 nor greater than the number set by -g. These
 command line flags override other ways of defining free-R reflections.
 The -m value is also used as a seed for the WIGL pseudo-random shifts.

 -t sets the number of threads, otherwise it is set to the apparent
 number of CPUs. For optimal performance on hyperthreading systems,
 -t should be set to a little more than half the number of CPUs;
 e.g. -t4 or -t5 for an Intel i7 processor.

 Running 18 threads on 24 processors

 TITL integrate_hklf4_a.res in Pm-3m
 REM Old TITL LTA1 in Pm-3m
 REM SHELXT solution in Pm-3m: R1 0.315, Rweak 0.138, Alpha 0.118
 REM <I/s> 0.000 for 0 systematic absences, Orientation as input
 REM Formula found by SHELXT: O2 Si
 CELL 0.01968 11.909 11.909 11.909 90 90 90
 ZERR 26 0.0013 0.0013 0.0013 0 0 0
 LATT 1
 SYMM -X,-Y,+Z
 SYMM -X,+Y,-Z
 SYMM +X,-Y,-Z
 SYMM +Z,+X,+Y
 SYMM +Z,-X,-Y
 SYMM -Z,-X,+Y
 SYMM -Z,+X,-Y
 SYMM +Y,+Z,+X
 SYMM -Y,+Z,-X
 SYMM +Y,-Z,-X
 SYMM -Y,-Z,+X
 SYMM +Y,+X,-Z
 SYMM -Y,-X,-Z
 SYMM +Y,-X,+Z
 SYMM -Y,+X,+Z
 SYMM +X,+Z,-Y
 SYMM -X,+Z,+Y
 SYMM -X,-Z,-Y
 SYMM +X,-Z,+Y
 SYMM +Z,+Y,-X
 SYMM +Z,-Y,+X
 SYMM -Z,+Y,+X
 SYMM -Z,-Y,-X
 SFAC  O 0.143 0.305 0.51 2.268 0.937 8.262 0.392 25.665 0 0 0 0 0.63 15.999
 SFAC  Si 0.363 0.428 0.974 3.557 2.721 19.39 1.766 64.333 0 0 0 0 1.16 28.086
 UNIT 48 24

 V =     1688.99     F(000) =     234.9     Mu =   0.00 mm-1      Cell Wt =     1442.02    Rho =  1.418

  
  
 L.S. 100
 PLAN  1
 CONF
 LIST 6
 MORE -1
 fmap 2 53
 MERG 0
 WGHT 0.2973 3.78
 FVAR 3.24992
 REM <olex2.extras>
 REM <Generic
 REM  <ED
 REM   <z "ED">
 REM  >
 REM >
 REM <HklSrc "%.\\INTEGRATE_HKLF4.hkl">
 REM </olex2.extras>
  
 Si01  2     0.500000  0.869873  0.683602  10.50000  0.00845  0.00330 =
  0.00484  0.00144 -0.00000 -0.00000
 O002  1     0.500000  1.000000  0.719647  10.25000  0.02974  0.01138 =
  0.02305  0.00000 -0.00000 -0.00000
 O003  1     0.500000  0.795318  0.795318  10.25000  0.02964  0.00730 =
  0.00730  0.00640 -0.00000 -0.00000
 O004  1     0.389802  0.841075  0.610198  10.50000  0.01896  0.03079 =
  0.01896  0.00301 -0.01037 -0.00301
 HKLF 4
 ** Warning: DISP instructions may be required for this wavelength **



 Covalent radii and connectivity table for  integrate_hklf4_a.res in Pm-3m                                             
 O      0.630
 SI     1.160

 Si01 - O003 O002 O004 O004_$4
 O002 - Si01 Si01_$1
 O003 - Si01 Si01_$2
 O004 - Si01_$3 Si01


 Operators for generating equivalent atoms:
 $1   -x+1, -y+2, z
 $2   -x+1, z, y
 $3   -z+1, y, -x+1
 $4   -x+1, y, z


    15192  Reflections read, of which       0  rejected

 -19 =< h =< 19,    -19 =< k =< 19,    -19 =< l =< 19,   Max. 2-theta =    1.88

        0  Systematic absence violations (I>3sig(I)) before merging

       0  Data suppressed,     R(sigma) = 0.0282

 Maximum memory for data reduction =      863 /        4

 Reflection statistics for all twin components combined (TWST 0 set)
 Number of data for d > 0.601A (CIF: max) and d > 0.833A (CIF: full)
 (ignoring systematic absences):
 Unique reflections found (point group)        877     362
 Unique reflections possible (point group)     881     362
 Unique reflections found (Laue group)         877     362
 Unique reflections possible (Laue group)      881     362

 Special position constraints for Si01
 x =  0.5000   U13 = 0   U12 = 0   sof = 0.50000   
 Input constraints retained (at least in part) for  sof

 Special position constraints for O002
 x =  0.5000   y =  1.0000   U23 = 0   U13 = 0   U12 = 0   
 sof = 0.25000   
 Input constraints retained (at least in part) for  sof

 Special position constraints for O003
 x =  0.5000   z =  1.0 * y + 0.0000   U33 = 1.0 * U22   U13 = 0   U12 = 0   
 sof = 0.25000   
 Input constraints retained (at least in part) for  sof

 Special position constraints for O004
 z = -1.0 * x + 1.0000   U33 = 1.0 * U11   U12 =-1.0 * U23   sof = 0.50000   
 Input constraints retained (at least in part) for  sof


 Least-squares cycle   1   Maximum vector length =  623   Memory required =     15 /    932 /    51982

 wR2 =  0.6334 before cycle   1 for   15192 data and     21 /     21 parameters

 GooF = S =     1.099;     Restrained GooF =      1.099 for       0 restraints

 Weight = 1 / [ sigma^2(Fo^2) + ( 0.2973 * P )^2 +   3.78 * P ]   where  P = ( Max ( Fo^2, 0 ) + 2 * Fc^2 ) / 3


     N      value        esd    shift/esd  parameter

     1     3.20942     0.08181    -0.495    OSF

 Mean shift/esd =   0.090  Maximum =    -0.495 for  OSF          

 Max. shift = 0.001 A for O002        Max. dU = 0.000 for O002     


 Least-squares cycle   2   Maximum vector length =  623   Memory required =     15 /    932 /    51982

 wR2 =  0.6330 before cycle   2 for   15192 data and     21 /     21 parameters

 GooF = S =     1.100;     Restrained GooF =      1.100 for       0 restraints

 Weight = 1 / [ sigma^2(Fo^2) + ( 0.2973 * P )^2 +   3.78 * P ]   where  P = ( Max ( Fo^2, 0 ) + 2 * Fc^2 ) / 3


     N      value        esd    shift/esd  parameter

     1     3.19910     0.08142    -0.127    OSF

 Mean shift/esd =   0.036  Maximum =    -0.127 for  OSF          

 Max. shift = 0.000 A for O002        Max. dU = 0.000 for O002     


 Least-squares cycle   3   Maximum vector length =  623   Memory required =     15 /    932 /    51982

 wR2 =  0.6331 before cycle   3 for   15192 data and     21 /     21 parameters

 GooF = S =     1.102;     Restrained GooF =      1.102 for       0 restraints

 Weight = 1 / [ sigma^2(Fo^2) + ( 0.2973 * P )^2 +   3.78 * P ]   where  P = ( Max ( Fo^2, 0 ) + 2 * Fc^2 ) / 3


     N      value        esd    shift/esd  parameter

     1     3.19824     0.08132    -0.011    OSF

 Mean shift/esd =   0.005  Maximum =    -0.019 for  U22 O002     

 Max. shift = 0.000 A for O002        Max. dU = 0.000 for O002     


 Least-squares cycle   4   Maximum vector length =  623   Memory required =     15 /    932 /    51982

 wR2 =  0.6331 before cycle   4 for   15192 data and     21 /     21 parameters

 GooF = S =     1.102;     Restrained GooF =      1.102 for       0 restraints

 Weight = 1 / [ sigma^2(Fo^2) + ( 0.2973 * P )^2 +   3.78 * P ]   where  P = ( Max ( Fo^2, 0 ) + 2 * Fc^2 ) / 3


     N      value        esd    shift/esd  parameter

     1     3.19811     0.08131    -0.002    OSF

 Mean shift/esd =   0.002  Maximum =    -0.006 for  U22 O002     

 Max. shift = 0.000 A for O002        Max. dU = 0.000 for O003     


 Least-squares cycle   5   Maximum vector length =  623   Memory required =     15 /    932 /    51982

 wR2 =  0.6331 before cycle   5 for   15192 data and     21 /     21 parameters

 GooF = S =     1.102;     Restrained GooF =      1.102 for       0 restraints

 Weight = 1 / [ sigma^2(Fo^2) + ( 0.2973 * P )^2 +   3.78 * P ]   where  P = ( Max ( Fo^2, 0 ) + 2 * Fc^2 ) / 3


     N      value        esd    shift/esd  parameter

     1     3.19808     0.08131     0.000    OSF

 Mean shift/esd =   0.001  Maximum =    -0.002 for  U22 O002     

 Max. shift = 0.000 A for O002        Max. dU = 0.000 for O003     


 Least-squares cycle   6   Maximum vector length =  623   Memory required =     15 /    932 /    51982

 wR2 =  0.6331 before cycle   6 for   15192 data and     21 /     21 parameters

 GooF = S =     1.102;     Restrained GooF =      1.102 for       0 restraints

 Weight = 1 / [ sigma^2(Fo^2) + ( 0.2973 * P )^2 +   3.78 * P ]   where  P = ( Max ( Fo^2, 0 ) + 2 * Fc^2 ) / 3


     N      value        esd    shift/esd  parameter

     1     3.19807     0.08131     0.000    OSF

 Mean shift/esd =   0.000  Maximum =    -0.001 for  U22 O002     

 Max. shift = 0.000 A for O002        Max. dU = 0.000 for O003     


 Least-squares cycle   7   Maximum vector length =  623   Memory required =     15 /    932 /    51982

 wR2 =  0.6331 before cycle   7 for   15192 data and     21 /     21 parameters

 GooF = S =     1.102;     Restrained GooF =      1.102 for       0 restraints

 Weight = 1 / [ sigma^2(Fo^2) + ( 0.2973 * P )^2 +   3.78 * P ]   where  P = ( Max ( Fo^2, 0 ) + 2 * Fc^2 ) / 3


     N      value        esd    shift/esd  parameter

     1     3.19807     0.08131     0.000    OSF

 Mean shift/esd =   0.000  Maximum =     0.000 for  U22 O002     

 Max. shift = 0.000 A for O004        Max. dU = 0.000 for O003     


 Least-squares cycle   8   Maximum vector length =  623   Memory required =     15 /    932 /    51982

 wR2 =  0.6331 before cycle   8 for   15192 data and     21 /     21 parameters

 GooF = S =     1.102;     Restrained GooF =      1.102 for       0 restraints

 Weight = 1 / [ sigma^2(Fo^2) + ( 0.2973 * P )^2 +   3.78 * P ]   where  P = ( Max ( Fo^2, 0 ) + 2 * Fc^2 ) / 3


     N      value        esd    shift/esd  parameter

     1     3.19807     0.08131     0.000    OSF

 Mean shift/esd =   0.000  Maximum =     0.000 for  U22 O002     

 Max. shift = 0.000 A for Si01        Max. dU = 0.000 for O003     


 Least-squares cycle   9   Maximum vector length =  623   Memory required =     15 /    932 /    51982

 wR2 =  0.6331 before cycle   9 for   15192 data and     21 /     21 parameters

 GooF = S =     1.102;     Restrained GooF =      1.102 for       0 restraints

 Weight = 1 / [ sigma^2(Fo^2) + ( 0.2973 * P )^2 +   3.78 * P ]   where  P = ( Max ( Fo^2, 0 ) + 2 * Fc^2 ) / 3


     N      value        esd    shift/esd  parameter

     1     3.19806     0.08131     0.000    OSF

 Mean shift/esd =   0.000  Maximum =     0.000 for  U22 O002     

 Max. shift = 0.000 A for O004        Max. dU = 0.000 for O003     


 Least-squares cycle  10   Maximum vector length =  623   Memory required =     15 /    932 /    51982

 wR2 =  0.6331 before cycle  10 for   15192 data and     21 /     21 parameters

 GooF = S =     1.102;     Restrained GooF =      1.102 for       0 restraints

 Weight = 1 / [ sigma^2(Fo^2) + ( 0.2973 * P )^2 +   3.78 * P ]   where  P = ( Max ( Fo^2, 0 ) + 2 * Fc^2 ) / 3


     N      value        esd    shift/esd  parameter

     1     3.19807     0.08131     0.000    OSF

 Mean shift/esd =   0.000  Maximum =     0.000 for   y  Si01     

 Max. shift = 0.000 A for Si01        Max. dU = 0.000 for O003     


 Least-squares cycle  11   Maximum vector length =  623   Memory required =     15 /    932 /    51982

 wR2 =  0.6331 before cycle  11 for   15192 data and     21 /     21 parameters

 GooF = S =     1.102;     Restrained GooF =      1.102 for       0 restraints

 Weight = 1 / [ sigma^2(Fo^2) + ( 0.2973 * P )^2 +   3.78 * P ]   where  P = ( Max ( Fo^2, 0 ) + 2 * Fc^2 ) / 3


     N      value        esd    shift/esd  parameter

     1     3.19807     0.08131     0.000    OSF

 Mean shift/esd =   0.000  Maximum =     0.000 for   y  Si01     

 Max. shift = 0.000 A for Si01        Max. dU = 0.000 for O003     


 Least-squares cycle  12   Maximum vector length =  623   Memory required =     15 /    932 /    51982

 wR2 =  0.6331 before cycle  12 for   15192 data and     21 /     21 parameters

 GooF = S =     1.102;     Restrained GooF =      1.102 for       0 restraints

 Weight = 1 / [ sigma^2(Fo^2) + ( 0.2973 * P )^2 +   3.78 * P ]   where  P = ( Max ( Fo^2, 0 ) + 2 * Fc^2 ) / 3


     N      value        esd    shift/esd  parameter

     1     3.19806     0.08131     0.000    OSF

 Mean shift/esd =   0.000  Maximum =     0.000 for   y  Si01     

 Max. shift = 0.000 A for Si01        Max. dU = 0.000 for O002     


 Least-squares cycle  13   Maximum vector length =  623   Memory required =     15 /    932 /    51982

 wR2 =  0.6331 before cycle  13 for   15192 data and     21 /     21 parameters

 GooF = S =     1.102;     Restrained GooF =      1.102 for       0 restraints

 Weight = 1 / [ sigma^2(Fo^2) + ( 0.2973 * P )^2 +   3.78 * P ]   where  P = ( Max ( Fo^2, 0 ) + 2 * Fc^2 ) / 3


     N      value        esd    shift/esd  parameter

     1     3.19807     0.08131     0.000    OSF

 Mean shift/esd =   0.000  Maximum =     0.000 for  OSF          

 Max. shift = 0.000 A for Si01        Max. dU = 0.000 for Si01     


 Least-squares cycle  14   Maximum vector length =  623   Memory required =     15 /    932 /    51982

 wR2 =  0.6331 before cycle  14 for   15192 data and     21 /     21 parameters

 GooF = S =     1.102;     Restrained GooF =      1.102 for       0 restraints

 Weight = 1 / [ sigma^2(Fo^2) + ( 0.2973 * P )^2 +   3.78 * P ]   where  P = ( Max ( Fo^2, 0 ) + 2 * Fc^2 ) / 3


     N      value        esd    shift/esd  parameter

     1     3.19807     0.08131     0.000    OSF

 Mean shift/esd =   0.000  Maximum =     0.000 for   y  Si01     

 Max. shift = 0.000 A for Si01        Max. dU = 0.000 for O002     


 Least-squares cycle  15   Maximum vector length =  623   Memory required =     15 /    932 /    51982

 wR2 =  0.6331 before cycle  15 for   15192 data and     21 /     21 parameters

 GooF = S =     1.102;     Restrained GooF =      1.102 for       0 restraints

 Weight = 1 / [ sigma^2(Fo^2) + ( 0.2973 * P )^2 +   3.78 * P ]   where  P = ( Max ( Fo^2, 0 ) + 2 * Fc^2 ) / 3


     N      value        esd    shift/esd  parameter

     1     3.19807     0.08131     0.000    OSF

 Mean shift/esd =   0.000  Maximum =     0.000 for   y  Si01     

 Max. shift = 0.000 A for Si01        Max. dU = 0.000 for Si01     


 Least-squares cycle  16   Maximum vector length =  623   Memory required =     15 /    932 /    51982

 wR2 =  0.6331 before cycle  16 for   15192 data and     21 /     21 parameters

 GooF = S =     1.102;     Restrained GooF =      1.102 for       0 restraints

 Weight = 1 / [ sigma^2(Fo^2) + ( 0.2973 * P )^2 +   3.78 * P ]   where  P = ( Max ( Fo^2, 0 ) + 2 * Fc^2 ) / 3


     N      value        esd    shift/esd  parameter

     1     3.19807     0.08131     0.000    OSF

 Mean shift/esd =   0.000  Maximum =     0.000 for   y  Si01     

 Max. shift = 0.000 A for Si01        Max. dU = 0.000 for O002     


 Least-squares cycle  17   Maximum vector length =  623   Memory required =     15 /    932 /    51982

 wR2 =  0.6331 before cycle  17 for   15192 data and     21 /     21 parameters

 GooF = S =     1.102;     Restrained GooF =      1.102 for       0 restraints

 Weight = 1 / [ sigma^2(Fo^2) + ( 0.2973 * P )^2 +   3.78 * P ]   where  P = ( Max ( Fo^2, 0 ) + 2 * Fc^2 ) / 3


     N      value        esd    shift/esd  parameter

     1     3.19807     0.08131     0.000    OSF

 Mean shift/esd =   0.000  Maximum =     0.000 for   y  Si01     

 Max. shift = 0.000 A for Si01        Max. dU = 0.000 for O002     


 Least-squares cycle  18   Maximum vector length =  623   Memory required =     15 /    932 /    51982

 wR2 =  0.6331 before cycle  18 for   15192 data and     21 /     21 parameters

 GooF = S =     1.102;     Restrained GooF =      1.102 for       0 restraints

 Weight = 1 / [ sigma^2(Fo^2) + ( 0.2973 * P )^2 +   3.78 * P ]   where  P = ( Max ( Fo^2, 0 ) + 2 * Fc^2 ) / 3


     N      value        esd    shift/esd  parameter

     1     3.19807     0.08131     0.000    OSF

 Mean shift/esd =   0.000  Maximum =     0.000 for   y  Si01     

 Max. shift = 0.000 A for Si01        Max. dU = 0.000 for Si01     


 Least-squares cycle  19   Maximum vector length =  623   Memory required =     15 /    932 /    51982

 wR2 =  0.6331 before cycle  19 for   15192 data and     21 /     21 parameters

 GooF = S =     1.102;     Restrained GooF =      1.102 for       0 restraints

 Weight = 1 / [ sigma^2(Fo^2) + ( 0.2973 * P )^2 +   3.78 * P ]   where  P = ( Max ( Fo^2, 0 ) + 2 * Fc^2 ) / 3


     N      value        esd    shift/esd  parameter

     1     3.19807     0.08131     0.000    OSF

 Mean shift/esd =   0.000  Maximum =     0.000 for   y  Si01     

 Max. shift = 0.000 A for Si01        Max. dU = 0.000 for O002     


 Least-squares cycle  20   Maximum vector length =  623   Memory required =     15 /    932 /    51982

 wR2 =  0.6331 before cycle  20 for   15192 data and     21 /     21 parameters

 GooF = S =     1.102;     Restrained GooF =      1.102 for       0 restraints

 Weight = 1 / [ sigma^2(Fo^2) + ( 0.2973 * P )^2 +   3.78 * P ]   where  P = ( Max ( Fo^2, 0 ) + 2 * Fc^2 ) / 3


     N      value        esd    shift/esd  parameter

     1     3.19807     0.08131     0.000    OSF

 Mean shift/esd =   0.000  Maximum =     0.000 for   y  Si01     

 Max. shift = 0.000 A for Si01        Max. dU = 0.000 for O002     


 Least-squares cycle  21   Maximum vector length =  623   Memory required =     15 /    932 /    51982

 wR2 =  0.6331 before cycle  21 for   15192 data and     21 /     21 parameters

 GooF = S =     1.102;     Restrained GooF =      1.102 for       0 restraints

 Weight = 1 / [ sigma^2(Fo^2) + ( 0.2973 * P )^2 +   3.78 * P ]   where  P = ( Max ( Fo^2, 0 ) + 2 * Fc^2 ) / 3


     N      value        esd    shift/esd  parameter

     1     3.19807     0.08131     0.000    OSF

 Mean shift/esd =   0.000  Maximum =     0.000 for   y  Si01     

 Max. shift = 0.000 A for Si01        Max. dU = 0.000 for Si01     

 No correlation matrix elements larger than  0.500



  integrate_hklf4_a.res in Pm-3m                                             

 ATOM           x        y        z         sof        U11      U22      U33      U23      U13      U12       Ueq

 Si01        0.50000  0.86987  0.68359    0.50000    0.00809  0.00287  0.00438  0.00149  0.00000  0.00000   0.00511
   0.00637   0.00000  0.00037  0.00037    0.00000    0.00188  0.00167  0.00167  0.00127  0.00000  0.00000   0.00103

 O002        0.50000  1.00000  0.71954    0.25000    0.02946  0.01015  0.02257  0.00000  0.00000  0.00000   0.02073
   0.01408   0.00000  0.00000  0.00118    0.00000    0.00657  0.00458  0.00566  0.00000  0.00000  0.00000   0.00254

 O003        0.50000  0.79536  0.79536    0.25000    0.02901  0.00680  0.00680  0.00638  0.00000  0.00000   0.01420
   0.01569   0.00000  0.00066  0.00066    0.00000    0.00589  0.00254  0.00254  0.00324  0.00000  0.00000   0.00219

 O004        0.38976  0.84099  0.61024    0.50000    0.01843  0.03037  0.01843  0.00297 -0.01021 -0.00297   0.02241
   0.01090   0.00062  0.00092  0.00062    0.00000    0.00259  0.00479  0.00259  0.00270  0.00323  0.00270   0.00206



 Final Structure Factor Calculation for  integrate_hklf4_a.res in Pm-3m                                             

 Total number of l.s. parameters =    21  Maximum vector length =  623   Memory required =     15 /    911 /    25543

 wR2 =  0.6331 before cycle  22 for   15192 data and      0 /     21 parameters

 GooF = S =     1.102;     Restrained GooF =      1.102 for       0 restraints

 Weight = 1 / [ sigma^2(Fo^2) + ( 0.2973 * P )^2 +   3.78 * P ]   where  P = ( Max ( Fo^2, 0 ) + 2 * Fc^2 ) / 3

 wR2 = 0.6331, GooF = S = 1.102, Restrained GooF = 1.102 for all data
 R1 = 0.2822 for 14843 Fo > 4sig(Fo) and 0.2834 for all 15192 data

 Occupancy sum of asymmetric unit =     1.50 for non-hydrogen and     0.00 for H and D atoms



 Principal mean square atomic displacements U

   0.0081   0.0053   0.0019   Si01  
   0.0295   0.0226   0.0102   O002  
   0.0290   0.0132   0.0004   O003  
   0.0338   0.0252   0.0082   O004  

     0  atoms may be split and     0  atoms NPD



 Analysis of variance for reflections employed in refinement      K = Mean[Fo^2] / Mean[Fc^2]  for group


 Fc/Fc(max)       0.000    0.007    0.014    0.022    0.029    0.038    0.046    0.056    0.073    0.118    1.000

 Number in group      1543.    1559.    1565.    1404.    1548.    1518.    1607.    1459.    1490.    1499.

            GooF      1.444    1.176    1.033    1.017    0.993    1.026    1.019    1.034    1.016    1.176

             K       69.874    8.445    3.449    2.525    1.765    1.510    1.356    1.262    1.153    0.786


 Resolution(A)    0.60     0.63     0.66     0.69     0.73     0.77     0.83     0.91     1.04     1.31     inf

 Number in group      1519.    1526.    1579.    1474.    1523.    1583.    1457.    1508.    1493.    1530.

            GooF      0.612    0.710    0.775    0.836    0.856    0.946    1.087    1.404    1.442    1.773

             K        1.032    1.282    1.164    1.073    1.098    1.195    1.280    1.424    1.106    0.803

             R1       0.341    0.379    0.319    0.312    0.276    0.263    0.296    0.325    0.237    0.261


 ** Extinction (EXTI) or solvent water (SWAT) correction may be required **

 Recommended weighting scheme:  WGHT    0.2000    0.0000
 [Weight parameters refined to    0.3014        4.09  but appear excessive]


 Most Disagreeable Reflections (* if suppressed or used for Rfree).
 Error/esd is calculated as sqrt(wD^2/<wD^2>) where w is given by the weight
 formula, D = Fo^2-Fc^2 and <> refers to the average over all reflections.

     h   k   l          Fo^2          Fc^2    Error/esd  Fc/Fc(max)  Resolution(A)

     2   2  -2        375.39          1.46       7.71       0.023       3.44
    -2  -2   2        351.76          1.46       7.64       0.023       3.44
    -2   2   2        348.16          1.46       7.63       0.023       3.44
     0   4   0        395.44         27.61       6.52       0.101       2.98
    -6   0   2        156.07          2.91       6.40       0.033       1.88
     4   4  -4        136.83          1.24       6.36       0.021       1.72
     2  -7  -1        254.09         14.52       6.36       0.073       1.62
     0  -4   0        357.09         27.61       6.32       0.101       2.98
    -4   4   4        130.00          1.24       6.28       0.021       1.72
    -1  -2   6        168.93          5.85       6.25       0.046       1.86
    -7   6   7        114.10          0.01       6.22       0.002       1.03
     0   7  -7        156.30          5.33       6.16       0.044       1.20
    -1  -3   6        106.38          0.07       6.09       0.005       1.76
     4   2  -5        167.77          7.56       6.09       0.053       1.78
    -3  -6  -1        103.94          0.07       6.06       0.005       1.76
     1   3  -6        102.64          0.07       6.03       0.005       1.76
     1  -6   2        144.71          5.85       5.97       0.046       1.86
     4  -4  -4        106.72          1.24       5.95       0.021       1.72
    -4  -7  -1         92.50          0.01       5.87       0.002       1.47
    -7  -2   1        198.47         14.52       5.86       0.073       1.62
    -4  -2   5        146.22          7.56       5.82       0.053       1.78
     4  -5 -10        185.26         13.24       5.81       0.070       1.00
   -10  -6  -2        113.66          3.22       5.80       0.034       1.01
     0  -7   7        128.03          5.33       5.78       0.044       1.20
     6   3  -1         86.86          0.07       5.75       0.005       1.76
     1   2  -6        128.95          5.85       5.74       0.046       1.86
     7   6  -7         79.55          0.01       5.61       0.002       1.03
    -1   8  -7         88.04          1.52       5.55       0.024       1.12
    -7  -6   7         76.76          0.01       5.55       0.002       1.03
     4   0 -10         84.22          1.26       5.51       0.021       1.11
     7   0   0        112.70          5.79       5.48       0.046       1.70
     0  12   0         73.51          0.16       5.45       0.008       0.99
    -4   6   9         85.01          1.97       5.43       0.027       1.03
    -1   6  -1         74.78          0.59       5.41       0.015       1.93
    -7   0   0        108.31          5.79       5.39       0.046       1.70
     3   4  -2         71.87          0.39       5.38       0.012       2.21
     0 -12   0         70.21          0.16       5.37       0.008       0.99
    -9  -3   2        101.04          5.42       5.30       0.045       1.23
     8   2  -7         90.38          4.28       5.21       0.040       1.10
    -7  -1   2        144.94         14.52       5.16       0.073       1.62
    -6  -4   6         81.94          3.37       5.14       0.035       1.27
    -5  -4  -2        105.65          7.56       5.14       0.053       1.78
    -4 -12   4         64.37          0.63       5.13       0.015       0.90
     4   5  -2        105.01          7.56       5.12       0.053       1.78
     5   2  -4        101.30          7.56       5.05       0.053       1.78
    -1   6  -2         91.84          5.85       5.05       0.046       1.86
   -12   0   0         56.82          0.16       5.00       0.008       0.99
     7   7   0         84.19          5.33       4.92       0.044       1.20
     6   4 -15         87.43          6.12       4.90       0.047       0.72
    -3  -4   2         54.26          0.39       4.88       0.012       2.21



 Selected torsion angles

   180.00 ( 0.00)  O003 - Si01 - O002 - Si01_$1
   -60.25 ( 0.45)  O004 - Si01 - O002 - Si01_$1
    60.25 ( 0.45)  O004_$4 - Si01 - O002 - Si01_$1
   180.00 ( 0.01)  O002 - Si01 - O003 - Si01_$2
    59.58 ( 0.48)  O004 - Si01 - O003 - Si01_$2
   -59.58 ( 0.48)  O004_$4 - Si01 - O003 - Si01_$2
   176.06 ( 1.26)  O003 - Si01 - O004 - Si01_$3
    57.00 ( 1.57)  O002 - Si01 - O004 - Si01_$3
   -64.45 ( 1.75)  O004_$4 - Si01 - O004 - Si01_$3

 R1 =  0.2807 for    877 unique reflections after merging for Fourier


 Electron density synthesis with coefficients Fo-Fc

 Highest peak    0.61  at  0.0740  0.0740  0.9260  [  5.41 A from O004 ]
 Deepest hole   -1.02  at  0.3194  0.5000  0.5000  [  2.66 A from O004 ]


 Fourier peaks appended to .res file

              x       y       z       sof     U      Peak   Distances to nearest atoms (including eq.)

 Q1    1   0.0740  0.9260  0.9260   0.16667  0.05    0.61   5.41 O004  5.53 O003  5.71 O002  5.87 SI01

 Shortest distances between peaks (including symmetry equivalents)

      1   1  1.76      1   1  2.49


 Time profile in seconds
 -----------------------

      0.00: Read and process instructions
      0.00: Fit rigid groups
      0.00: Interpret restraints etc.
      0.00: Generate connectivity array
      0.00: Analyse DFIX and DANG restraints
      0.00: Analyse SAME, SADI and NCSY restraints
      0.00: Generate CHIV restraints
      0.00: Check if bonds in residues restrained
      0.00: Generate DELU and RIGU restraints
      0.00: Generate SIMU restraints
      0.00: Generate ISOR restraints
      0.00: Analyse electron density
      0.01: Analyse other restraints etc.
      0.02: Read intensity data, sort/merge etc.
      0.01: Set up constraints
      0.00: OSF, H-atoms from difference map
      0.03: Set up l.s. refinement
      0.00: Generate idealized H-atoms
      0.10: Structure factors and derivatives
      0.00: Sum l.s. matrices
      0.00: Generate and apply antibumping restraints
      0.00: Apply other restraints
      0.01: Solve l.s. equations
      0.00: Generate HTAB table
      0.12: Other dependent quantities, CIF, tables
      0.02: Analysis of variance
      0.01: Merge reflections for Fourier and .fcf
      0.00: Fourier summations
      0.01: Peaksearch
      0.00: Analyse peaklist

 ** WARNING: These times are only approximate for multiple threads.
             To get better estimates run with -t1 **

   Please cite: G.M. Sheldrick (2015) "Crystal structure refinement with
   SHELXL", Acta Cryst., C71, 3-8 (Open Access) if SHELXL proves useful.

 +++++++++++++++++++++++++++++++++++++++++++++++++++++++++++++++++++++++++++++
 +  integrate_hkl finished at 16:34:00   Total elapsed time:      0.31 secs  +
 +++++++++++++++++++++++++++++++++++++++++++++++++++++++++++++++++++++++++++++
