
 +++++++++++++++++++++++++++++++++++++++++++++++++++++++++++++++++++
 +  SHELXL -  CRYSTAL STRUCTURE REFINEMENT  -   MULTI-CPU VERSION  +
 +  Copyright(C) George M. Sheldrick 1993-2023     Version 2019/3  +
 +  shelx                      started at 16:13:30 on 13-May-2026  +
 +++++++++++++++++++++++++++++++++++++++++++++++++++++++++++++++++++

 Command line parameters: shelx -a50000 -b3000 -c624 -g0 -m0 -t18

 -a sets the approximate maximum number of atoms including hydrogens.
 -b sets the maximum number of full-matrix parameters (not used by CGLS).
 For example -b9000 allows refinement of 1000 anisotropic atoms or 3000
 with BLOC 1. For a 32-bit version, -b times the square root of the
 number of threads should not exceed about 65500. -c sets the reflection
 buffer size. This depends on the CPU cache size but will rarely
 need changing.

 -g sets the number of reflection groups used for calculating R_complete,
 This must be greater than 1 but not greater than the total number of
 reflections for refinement. -m sets the current reflection group number.
 This may not be less than 1 nor greater than the number set by -g. These
 command line flags override other ways of defining free-R reflections.
 The -m value is also used as a seed for the WIGL pseudo-random shifts.

 -t sets the number of threads, otherwise it is set to the apparent
 number of CPUs. For optimal performance on hyperthreading systems,
 -t should be set to a little more than half the number of CPUs;
 e.g. -t4 or -t5 for an Intel i7 processor.

 Running 18 threads on 24 processors

 TITL shelx_a.res in Pm-3m
 REM Old TITL
 REM SHELXT solution in Pm-3m: R1 0.301, Rweak 0.155, Alpha 0.111
 REM <I/s> 0.000 for 0 systematic absences, Orientation as input
 REM Formula found by SHELXT: O2 Si
 CELL 0.01968 11.909 11.909 11.909 90 90 90
 ZERR 26 0.0013 0.0013 0.0013 0 0 0
 LATT 1
 SYMM -X,-Y,+Z
 SYMM -X,+Y,-Z
 SYMM +X,-Y,-Z
 SYMM +Z,+X,+Y
 SYMM +Z,-X,-Y
 SYMM -Z,-X,+Y
 SYMM -Z,+X,-Y
 SYMM +Y,+Z,+X
 SYMM -Y,+Z,-X
 SYMM +Y,-Z,-X
 SYMM -Y,-Z,+X
 SYMM +Y,+X,-Z
 SYMM -Y,-X,-Z
 SYMM +Y,-X,+Z
 SYMM -Y,+X,+Z
 SYMM +X,+Z,-Y
 SYMM -X,+Z,+Y
 SYMM -X,-Z,-Y
 SYMM +X,-Z,+Y
 SYMM +Z,+Y,-X
 SYMM +Z,-Y,+X
 SYMM -Z,+Y,+X
 SYMM -Z,-Y,-X
 SFAC  O 0.143 0.305 0.51 2.268 0.937 8.262 0.392 25.665 0 0 0 0 0.63 15.999
 SFAC  Si 0.363 0.428 0.974 3.557 2.721 19.39 1.766 64.333 0 0 0 0 1.16 28.086
 UNIT 48 24

 V =     1688.99     F(000) =     234.9     Mu =   0.00 mm-1      Cell Wt =     1442.02    Rho =  1.418

  
  
 L.S. 4
 PLAN  1
 CONF
 list 4
 MORE -1
 fmap 2
 EXTI 9030
 WGHT 0.2155 0.49
 FVAR 3.4876
 REM <olex2.extras>
 REM <Generic
 REM  <ED
 REM   <z "ED">
 REM  >
 REM >
 REM <HklSrc "%.\\shelx.hkl">
 REM </olex2.extras>
  
 Si01  2     0.500000  0.316435  0.869651  10.50000  0.01251  0.00701 =
  0.00629 -0.00146 -0.00000 -0.00000
 O002  1     0.500000  0.280244  1.000000  10.25000  0.03611  0.02703 =
  0.01159  0.00000 -0.00000 -0.00000
 O003  1     0.500000  0.204511  0.795489  10.25000  0.03328  0.01100 =
  0.01100 -0.00622  0.00000 -0.00000
 O004  1     0.610001  0.389999  0.841314  10.50000  0.02274  0.02274 =
  0.03211 -0.00312  0.00312 -0.01083
 HKLF 4
 ** Warning: DISP instructions may be required for this wavelength **

 ** Warning: unusual EXTI or SWAT parameter **



 Covalent radii and connectivity table for  shelx_a.res in Pm-3m                                                       
 O      0.630
 SI     1.160

 Si01 - O003 O002 O004_$4 O004
 O002 - Si01_$1 Si01
 O003 - Si01 Si01_$3
 O004 - Si01_$2 Si01


 Operators for generating equivalent atoms:
 $1   x, y, -z+2
 $2   -y+1, -x+1, z
 $3   x, -z+1, -y+1
 $4   -x+1, y, z


    15210  Reflections read, of which       0  rejected

 -19 =< h =< 19,    -19 =< k =< 19,    -19 =< l =< 19,   Max. 2-theta =    1.88

        0  Systematic absence violations (I>3sig(I)) before merging

       12  Inconsistent equivalents

      880  Unique reflections, of which       0  suppressed

 R(int) = 0.2848     R(sigma) = 0.1439      Friedel opposites merged

 Maximum memory for data reduction =      863 /    10343


 Reflection statistics for all twin components combined (TWST 0 set)
 Number of data for d > 0.601A (CIF: max) and d > 0.833A (CIF: full)
 (ignoring systematic absences):
 Unique reflections found (point group)        880     362
 Unique reflections possible (point group)     881     362
 Unique reflections found (Laue group)         880     362
 Unique reflections possible (Laue group)      881     362

 Special position constraints for Si01
 x =  0.5000   U13 = 0   U12 = 0   sof = 0.50000   
 Input constraints retained (at least in part) for  sof

 Special position constraints for O002
 x =  0.5000   z =  1.0000   U23 = 0   U13 = 0   U12 = 0   
 sof = 0.25000   
 Input constraints retained (at least in part) for  sof

 Special position constraints for O003
 x =  0.5000   z = -1.0 * y + 1.0000   U33 = 1.0 * U22   U13 = 0   U12 = 0   
 sof = 0.25000   
 Input constraints retained (at least in part) for  sof

 Special position constraints for O004
 y = -1.0 * x + 1.0000   U22 = 1.0 * U11   U13 =-1.0 * U23   sof = 0.50000   
 Input constraints retained (at least in part) for  sof


 Least-squares cycle   1   Maximum vector length =  623   Memory required =     15 /    933 /    53252

 wR2 =  0.4347 before cycle   1 for     880 data and     22 /     22 parameters

 GooF = S =     1.161;     Restrained GooF =      1.161 for       0 restraints

 Weight = 1 / [ sigma^2(Fo^2) + ( 0.2155 * P )^2 +   0.49 * P ]   where  P = ( Max ( Fo^2, 0 ) + 2 * Fc^2 ) / 3


     N      value        esd    shift/esd  parameter

     1     3.48772     0.05338     0.002    OSF
     2  9032.94922     9.99999     0.079   EXTI    

 Mean shift/esd =   0.005  Maximum =     0.079 for EXTI          

 Max. shift = 0.000 A for O002        Max. dU = 0.000 for O002     


 Least-squares cycle   2   Maximum vector length =  623   Memory required =     15 /    933 /    53252

 wR2 =  0.4347 before cycle   2 for     880 data and     22 /     22 parameters

 GooF = S =     1.161;     Restrained GooF =      1.161 for       0 restraints

 Weight = 1 / [ sigma^2(Fo^2) + ( 0.2155 * P )^2 +   0.49 * P ]   where  P = ( Max ( Fo^2, 0 ) + 2 * Fc^2 ) / 3


     N      value        esd    shift/esd  parameter

     1     3.48790     0.05338     0.003    OSF
     2  9036.87891     9.99999     0.105   EXTI    

 Mean shift/esd =   0.006  Maximum =     0.105 for EXTI          

 Max. shift = 0.000 A for O002        Max. dU = 0.000 for O002     


 Least-squares cycle   3   Maximum vector length =  623   Memory required =     15 /    933 /    53252

 wR2 =  0.4347 before cycle   3 for     880 data and     22 /     22 parameters

 GooF = S =     1.161;     Restrained GooF =      1.161 for       0 restraints

 Weight = 1 / [ sigma^2(Fo^2) + ( 0.2155 * P )^2 +   0.49 * P ]   where  P = ( Max ( Fo^2, 0 ) + 2 * Fc^2 ) / 3


     N      value        esd    shift/esd  parameter

     1     3.48806     0.05338     0.003    OSF
     2  9040.80566     9.99999     0.105   EXTI    

 Mean shift/esd =   0.006  Maximum =     0.105 for EXTI          

 Max. shift = 0.000 A for O002        Max. dU = 0.000 for O002     


 Least-squares cycle   4   Maximum vector length =  623   Memory required =     15 /    933 /    53252

 wR2 =  0.4347 before cycle   4 for     880 data and     22 /     22 parameters

 GooF = S =     1.161;     Restrained GooF =      1.161 for       0 restraints

 Weight = 1 / [ sigma^2(Fo^2) + ( 0.2155 * P )^2 +   0.49 * P ]   where  P = ( Max ( Fo^2, 0 ) + 2 * Fc^2 ) / 3


     N      value        esd    shift/esd  parameter

     1     3.48822     0.05338     0.003    OSF
     2  9044.72949     9.99999     0.104   EXTI    

 Mean shift/esd =   0.005  Maximum =     0.104 for EXTI          

 Max. shift = 0.000 A for O002        Max. dU = 0.000 for O002     


 Largest correlation matrix elements

     0.518 U22 Si01 / OSF                    0.502 U33 Si01 / OSF 



  shelx_a.res in Pm-3m                                                       

 ATOM           x        y        z         sof        U11      U22      U33      U23      U13      U12       Ueq

 Si01        0.50000  0.31643  0.86965    0.50000    0.01252  0.00701  0.00629 -0.00146  0.00000  0.00000   0.00861
   0.00311   0.00000  0.00019  0.00020    0.00000    0.00100  0.00087  0.00089  0.00066  0.00000  0.00000   0.00058

 O002        0.50000  0.28024  1.00000    0.25000    0.03613  0.02704  0.01159  0.00000  0.00000  0.00000   0.02492
   0.00803   0.00000  0.00067  0.00000    0.00000    0.00375  0.00313  0.00236  0.00000  0.00000  0.00000   0.00139

 O003        0.50000  0.20451  0.79549    0.25000    0.03328  0.01101  0.01101 -0.00622  0.00000  0.00000   0.01843
   0.00000   0.00000  0.00036  0.00036    0.00000    0.00318  0.00141  0.00141  0.00176  0.00000  0.00000   0.00119

 O004        0.61000  0.39000  0.84131    0.50000    0.02274  0.02274  0.03212 -0.00313  0.00313 -0.01083   0.02587
   0.00577   0.00034  0.00034  0.00048    0.00000    0.00136  0.00136  0.00242  0.00146  0.00146  0.00173   0.00110



 Final Structure Factor Calculation for  shelx_a.res in Pm-3m                                                       

 Total number of l.s. parameters =    22  Maximum vector length =  623   Memory required =     15 /    911 /    25543

 wR2 =  0.4347 before cycle   5 for     880 data and      0 /     22 parameters

 GooF = S =     1.161;     Restrained GooF =      1.161 for       0 restraints

 Weight = 1 / [ sigma^2(Fo^2) + ( 0.2155 * P )^2 +   0.49 * P ]   where  P = ( Max ( Fo^2, 0 ) + 2 * Fc^2 ) / 3

 wR2 = 0.4347, GooF = S = 1.161, Restrained GooF = 1.161 for all data
 R1 = 0.1836 for 838 Fo > 4sig(Fo) and 0.1900 for all 880 data

 Occupancy sum of asymmetric unit =     1.50 for non-hydrogen and     0.00 for H and D atoms



 Principal mean square atomic displacements U

   0.0125   0.0082   0.0051   Si01  
   0.0361   0.0270   0.0116   O002  
   0.0333   0.0172   0.0048   O003  
   0.0373   0.0284   0.0119   O004  

     0  atoms may be split and     0  atoms NPD



 Analysis of variance for reflections employed in refinement      K = Mean[Fo^2] / Mean[Fc^2]  for group


 Fc/Fc(max)       0.000    0.006    0.012    0.019    0.027    0.035    0.043    0.055    0.078    0.142    1.000

 Number in group        90.      86.      90.      94.      82.      86.      96.      83.      85.      88.

            GooF      1.920    1.599    1.249    1.029    0.746    0.645    0.582    0.649    0.811    1.471

             K       37.902    7.686    3.793    3.165    1.472    1.216    1.009    0.955    0.992    0.925


 Resolution(A)    0.60     0.62     0.65     0.69     0.73     0.78     0.84     0.94     1.10     1.44     inf

 Number in group        88.      89.      89.      86.      89.      87.      89.      88.      87.      88.

            GooF      0.743    0.941    1.050    1.088    1.022    1.006    1.235    1.497    0.967    1.731

             K        1.024    1.099    1.090    0.925    0.980    1.033    1.025    0.940    1.051    0.938

             R1       0.224    0.243    0.223    0.204    0.157    0.140    0.191    0.230    0.104    0.226


 Recommended weighting scheme:  WGHT    0.1512    0.2940


 Most Disagreeable Reflections (* if suppressed or used for Rfree).
 Error/esd is calculated as sqrt(wD^2/<wD^2>) where w is given by the weight
 formula, D = Fo^2-Fc^2 and <> refers to the average over all reflections.

     h   k   l          Fo^2          Fc^2    Error/esd  Fc/Fc(max)  Resolution(A)

     0   0  11         35.91        317.34       4.93       0.341       1.08
     0   0  12         50.41          0.34       4.07       0.011       0.99
     0   0   3        345.11       1495.14       4.02       0.740       3.97
     0   0   6        422.77       1661.62       3.83       0.780       1.98
     2   2   2        214.90          1.24       3.74       0.021       3.44
     4   4   4         87.63          0.98       3.67       0.019       1.72
     0   0   1        759.74       2732.18       3.50       1.000      11.91
     0   3   4          3.87          0.06       3.07       0.005       2.38
     3   7   8          4.80          0.40       3.05       0.012       1.08
     0   0  13         10.24          1.14       2.85       0.020       0.92
     2   2   6        132.68         58.98       2.75       0.147       1.80
     0   6   6        187.25         69.34       2.75       0.159       1.40
     2   2  13          2.07          0.00       2.64       0.000       0.90
     5   5  10          2.45          0.01       2.47       0.002       0.97
     5   7   8          1.89          0.00       2.44       0.001       1.01
     1   6  10          4.09          0.16       2.44       0.008       1.02
     4   9  10          2.67          0.05       2.38       0.004       0.85
     0   5   5        323.72        678.70       2.35       0.498       1.68
     2   3   4          5.32          0.44       2.34       0.013       2.21
     9  11  11          2.82          0.08       2.34       0.005       0.66
     0   0   4        155.28         28.44       2.32       0.102       2.98
     3   6  10          2.09          0.15       2.29       0.007       0.99
     2   5  10          3.06          0.09       2.29       0.006       1.05
     0   2  11          4.31          0.92       2.28       0.018       1.07
     4   6   8          2.48          0.01       2.26       0.002       1.11
     9   9   9          8.05         20.82       2.25       0.087       0.76
     0   7  13          2.45          0.00       2.23       0.000       0.81
     1   5   5          2.67          0.33       2.22       0.011       1.67
     3   4   5         12.66          4.39       2.22       0.040       1.68
     0   0  17         17.97         40.88       2.21       0.122       0.70
     6   7   9          1.45          0.02       2.17       0.003       0.92
     1   6  13          1.78          0.01       2.17       0.002       0.83
     0   0   2        344.20        147.40       2.17       0.232       5.95
     1   8  10          2.04          0.16       2.16       0.008       0.93
     6   7  14          1.40          0.02       2.16       0.003       0.71
     0   0  14          3.53         10.61       2.14       0.062       0.85
     0   6   7          3.97          0.00       2.13       0.001       1.29
     1   3  13          2.02          0.00       2.12       0.001       0.89
     7   8  10          1.16          0.00       2.09       0.000       0.82
     1   4   7          6.48          0.01       2.09       0.002       1.47
     1   8   8          3.48          0.78       2.08       0.017       1.05
     7   7  11          2.93          0.02       2.06       0.003       0.80
     0   2   3        892.52        498.90       2.06       0.427       3.30
     1   2  11          2.47          0.25       2.06       0.010       1.06
     5   7  11          2.30          0.27       2.06       0.010       0.85
     2   3  10          2.83          0.27       2.05       0.010       1.12
     1  11  14          1.22          0.01       2.01       0.002       0.67
     3   8  10          2.53          0.34       1.99       0.011       0.91
     2   9  10          1.59          0.04       1.96       0.004       0.88
     5   6  15          1.19          0.05       1.95       0.004       0.70



 Selected torsion angles

   180.00 ( 0.00)  O003 - Si01 - O002 - Si01_$1
   -60.08 ( 0.25)  O004_$4 - Si01 - O002 - Si01_$1
    60.08 ( 0.25)  O004 - Si01 - O002 - Si01_$1
   180.00 ( 0.00)  O002 - Si01 - O003 - Si01_$3
    59.71 ( 0.26)  O004_$4 - Si01 - O003 - Si01_$3
   -59.71 ( 0.26)  O004 - Si01 - O003 - Si01_$3
  -176.07 ( 0.70)  O003 - Si01 - O004 - Si01_$2
   -57.18 ( 0.88)  O002 - Si01 - O004 - Si01_$2
    63.92 ( 0.96)  O004_$4 - Si01 - O004 - Si01_$2


 FMAP and GRID set by program

 FMAP   2   3  35
 GRID    -1.562  -1  -1     1.562   1   1

 R1 =  0.1900 for    880 unique reflections after merging for Fourier


 Electron density synthesis with coefficients Fo-Fc

 Highest peak    0.34  at  0.0839  0.0000  0.0839  [  5.48 A from O002 ]
 Deepest hole   -0.88  at  0.5000  0.5000  0.5000  [  4.47 A from O004 ]


 Fourier peaks appended to .res file

              x       y       z       sof     U      Peak   Distances to nearest atoms (including eq.)

 Q1    1   0.0839  0.0839  1.0000   0.25000  0.05    0.34   5.48 O002  5.49 O004  5.71 O003  5.88 SI01

 Shortest distances between peaks (including symmetry equivalents)

      1   1  1.41      1   1  2.00      1   1  2.45      1   1  2.83


 Time profile in seconds
 -----------------------

      0.00: Read and process instructions
      0.00: Fit rigid groups
      0.00: Interpret restraints etc.
      0.00: Generate connectivity array
      0.00: Analyse DFIX and DANG restraints
      0.00: Analyse SAME, SADI and NCSY restraints
      0.00: Generate CHIV restraints
      0.00: Check if bonds in residues restrained
      0.00: Generate DELU and RIGU restraints
      0.00: Generate SIMU restraints
      0.00: Generate ISOR restraints
      0.00: Analyse electron density
      0.00: Analyse other restraints etc.
      0.02: Read intensity data, sort/merge etc.
      0.00: Set up constraints
      0.00: OSF, H-atoms from difference map
      0.00: Set up l.s. refinement
      0.00: Generate idealized H-atoms
      0.01: Structure factors and derivatives
      0.00: Sum l.s. matrices
      0.00: Generate and apply antibumping restraints
      0.00: Apply other restraints
      0.01: Solve l.s. equations
      0.00: Generate HTAB table
      0.00: Other dependent quantities, CIF, tables
      0.00: Analysis of variance
      0.00: Merge reflections for Fourier and .fcf
      0.00: Fourier summations
      0.00: Peaksearch
      0.00: Analyse peaklist

 ** WARNING: These times are only approximate for multiple threads.
             To get better estimates run with -t1 **

   Please cite: G.M. Sheldrick (2015) "Crystal structure refinement with
   SHELXL", Acta Cryst., C71, 3-8 (Open Access) if SHELXL proves useful.

 +++++++++++++++++++++++++++++++++++++++++++++++++++++++++++++++++++++++++++++
 +  shelx         finished at 16:13:30   Total elapsed time:      0.06 secs  +
 +++++++++++++++++++++++++++++++++++++++++++++++++++++++++++++++++++++++++++++
